<?xml version="1.0" encoding="UTF-8"?>
<!-- Generated by org.testng.reporters.JUnitXMLReporter -->
<testsuite ignored="0" hostname="Sivasuriyan_M" failures="0" tests="3" name="Surefire test" time="16.101" errors="0" timestamp="2025-05-09T16:30:28 IST">
  <testcase classname="com.testautomation.LoginTest" name="testEmptyFields" time="0.233"/>
  <testcase classname="com.testautomation.LoginTest" name="testInvalidLogin" time="0.59"/>
  <testcase classname="com.testautomation.LoginTest" name="testValidLogin" time="1.142"/>
</testsuite> <!-- Surefire test -->
