<?xml version="1.0" encoding="UTF-8"?>
<testng-results ignored="0" total="3" passed="3" failed="0" skipped="0">
  <reporter-output>
  </reporter-output>
  <suite started-at="2025-05-09T16:30:12 IST" name="Surefire suite" finished-at="2025-05-09T16:30:28 IST" duration-ms="16101">
    <groups>
    </groups>
    <test started-at="2025-05-09T16:30:12 IST" name="Surefire test" finished-at="2025-05-09T16:30:28 IST" duration-ms="16101">
      <class name="com.testautomation.LoginTest">
        <test-method is-config="true" signature="setup()[pri:0, instance:com.testautomation.LoginTest@568bf312]" started-at="2025-05-09T16:30:12 IST" name="setup" finished-at="2025-05-09T16:30:17 IST" duration-ms="4937" status="PASS">
          <reporter-output>
          </reporter-output>
        </test-method> <!-- setup -->
        <test-method signature="testEmptyFields()[pri:0, instance:com.testautomation.LoginTest@568bf312]" started-at="2025-05-09T16:30:17 IST" name="testEmptyFields" finished-at="2025-05-09T16:30:17 IST" duration-ms="233" status="PASS">
          <reporter-output>
          </reporter-output>
        </test-method> <!-- testEmptyFields -->
        <test-method is-config="true" signature="tearDown()[pri:0, instance:com.testautomation.LoginTest@568bf312]" started-at="2025-05-09T16:30:17 IST" name="tearDown" finished-at="2025-05-09T16:30:17 IST" duration-ms="594" status="PASS">
          <reporter-output>
          </reporter-output>
        </test-method> <!-- tearDown -->
        <test-method is-config="true" signature="setup()[pri:0, instance:com.testautomation.LoginTest@568bf312]" started-at="2025-05-09T16:30:17 IST" name="setup" finished-at="2025-05-09T16:30:21 IST" duration-ms="3515" status="PASS">
          <reporter-output>
          </reporter-output>
        </test-method> <!-- setup -->
        <test-method signature="testInvalidLogin()[pri:0, instance:com.testautomation.LoginTest@568bf312]" started-at="2025-05-09T16:30:21 IST" name="testInvalidLogin" finished-at="2025-05-09T16:30:21 IST" duration-ms="590" status="PASS">
          <reporter-output>
          </reporter-output>
        </test-method> <!-- testInvalidLogin -->
        <test-method is-config="true" signature="tearDown()[pri:0, instance:com.testautomation.LoginTest@568bf312]" started-at="2025-05-09T16:30:21 IST" name="tearDown" finished-at="2025-05-09T16:30:22 IST" duration-ms="640" status="PASS">
          <reporter-output>
          </reporter-output>
        </test-method> <!-- tearDown -->
        <test-method is-config="true" signature="setup()[pri:0, instance:com.testautomation.LoginTest@568bf312]" started-at="2025-05-09T16:30:22 IST" name="setup" finished-at="2025-05-09T16:30:26 IST" duration-ms="3975" status="PASS">
          <reporter-output>
          </reporter-output>
        </test-method> <!-- setup -->
        <test-method signature="testValidLogin()[pri:0, instance:com.testautomation.LoginTest@568bf312]" started-at="2025-05-09T16:30:26 IST" name="testValidLogin" finished-at="2025-05-09T16:30:27 IST" duration-ms="1142" status="PASS">
          <reporter-output>
          </reporter-output>
        </test-method> <!-- testValidLogin -->
        <test-method is-config="true" signature="tearDown()[pri:0, instance:com.testautomation.LoginTest@568bf312]" started-at="2025-05-09T16:30:27 IST" name="tearDown" finished-at="2025-05-09T16:30:28 IST" duration-ms="402" status="PASS">
          <reporter-output>
          </reporter-output>
        </test-method> <!-- tearDown -->
      </class> <!-- com.testautomation.LoginTest -->
    </test> <!-- Surefire test -->
  </suite> <!-- Surefire suite -->
</testng-results>
